<?xml version="1.0" encoding="UTF-8"?>
<!-- Generated by org.testng.reporters.JUnitReportReporter -->
<testsuite hostname="TYSS-4F-052" name="demo.JavascriptPopup" tests="1" failures="0" timestamp="13 Nov 2017 04:39:43 GMT" time="99.417" errors="0">
  <testcase name="test" time="99.417" classname="demo.JavascriptPopup"/>
</testsuite> <!-- demo.JavascriptPopup -->
